<?xml version="1.0" encoding="UTF-8"?>
<!-- Generated by org.testng.reporters.JUnitReportReporter -->
<testsuite hostname="DESKTOP-O5NKINB" failures="0" tests="3" name="Maven_Project.Testing" time="62.161" errors="0" timestamp="2024-05-05T00:43:13 IST" skipped="0">
  <testcase classname="Maven_Project.Testing" name="orderHistoryTest" time="9.072"/>
  <testcase classname="Maven_Project.Testing" name="submitOrder" time="29.701"/>
  <testcase classname="Maven_Project.Testing" name="submitOrder" time="23.388"/>
</testsuite> <!-- Maven_Project.Testing -->
