<?xml version="1.0" encoding="UTF-8"?>
<!-- Generated by org.testng.reporters.JUnitReportReporter -->
<testsuite hostname="DESKTOP-O5NKINB" failures="0" tests="2" name="TestNg.Testngtutorial" time="0.001" errors="0" timestamp="2024-05-05T00:43:13 IST" skipped="0">
  <testcase classname="TestNg.Testngtutorial" name="Second" time="0.000"/>
  <testcase classname="TestNg.Testngtutorial" name="Demo" time="0.001"/>
</testsuite> <!-- TestNg.Testngtutorial -->
