<?xml version="1.0" encoding="UTF-8"?>
<!-- Generated by org.testng.reporters.JUnitReportReporter -->
<testsuite hostname="DESKTOP-O5NKINB" failures="0" tests="3" name="Day1.Test2" time="0.025" errors="0" timestamp="2024-05-05T00:43:13 IST" skipped="0">
  <testcase classname="Day1.Test2" name="streamMap" time="0.008"/>
  <testcase classname="Day1.Test2" name="streamCollect" time="0.012"/>
  <testcase classname="Day1.Test2" name="streamFilter" time="0.005"/>
</testsuite> <!-- Day1.Test2 -->
